SF:lib/kfx_dependency_injection/invalid_registration_modal_for_type_exception.dart
DA:7,1
DA:8,1
DA:17,2
DA:19,2
DA:26,2
DA:28,2
LF:6
LH:6
end_of_record
SF:lib/kfx_dependency_injection/service_invalid_inference_exception.dart
DA:20,2
DA:22,1
DA:23,1
LF:3
LH:3
end_of_record
SF:lib/kfx_dependency_injection/service_not_registered_exception.dart
DA:7,2
DA:9,2
LF:2
LH:2
end_of_record
SF:lib/kfx_dependency_injection/service_already_registered_exception.dart
DA:8,2
DA:10,1
DA:11,1
LF:3
LH:3
end_of_record
SF:lib/kfx_dependency_injection/service_provider.dart
DA:17,0
DA:20,3
DA:23,3
DA:37,1
DA:38,1
DA:51,0
DA:52,0
DA:56,0
DA:71,1
DA:72,1
DA:75,1
DA:76,1
DA:80,1
DA:83,1
DA:84,1
DA:86,2
DA:87,4
DA:90,2
DA:93,3
DA:95,3
DA:108,1
DA:109,1
DA:112,3
DA:113,1
DA:117,2
DA:121,1
DA:122,2
DA:128,1
DA:129,1
DA:130,2
DA:133,2
DA:137,1
DA:139,1
DA:140,0
DA:142,1
DA:149,1
DA:150,1
DA:152,2
DA:163,1
DA:164,1
DA:165,2
DA:171,1
DA:173,3
DA:174,1
DA:177,3
DA:178,1
DA:194,1
DA:195,1
DA:198,2
DA:204,1
DA:205,1
DA:206,1
DA:208,3
DA:209,1
DA:212,2
DA:217,1
DA:223,1
DA:224,1
DA:226,5
DA:230,3
LF:60
LH:55
end_of_record
SF:lib/kfx_dependency_injection/i_platform_info.dart
DA:4,0
LF:1
LH:0
end_of_record
SF:lib/kfx_dependency_injection/platform_info.dart
DA:9,1
DA:22,1
DA:23,1
DA:26,0
DA:27,0
DA:30,0
DA:31,0
DA:34,0
LF:8
LH:3
end_of_record
SF:lib/kfx_dependency_injection/io_get_current_platform_info.dart
DA:7,1
DA:8,1
DA:12,1
DA:16,1
DA:20,1
DA:24,0
LF:6
LH:5
end_of_record
