SF:lib/kfx_dependency_injection/i_platform_info.dart
DA:5,0
LF:1
LH:0
end_of_record
SF:lib/kfx_dependency_injection/service_already_registered_exception.dart
DA:6,2
DA:8,1
DA:9,1
LF:3
LH:3
end_of_record
SF:lib/kfx_dependency_injection/service_invalid_inference_exception.dart
DA:18,2
DA:20,1
DA:21,1
LF:3
LH:3
end_of_record
SF:lib/kfx_dependency_injection/service_not_registered_exception.dart
DA:5,2
DA:7,2
LF:2
LH:2
end_of_record
SF:lib/kfx_dependency_injection/service_provider.dart
DA:64,1
DA:66,3
DA:69,2
DA:72,3
DA:75,3
DA:89,1
DA:90,1
DA:105,1
DA:106,1
DA:109,1
DA:110,1
DA:112,2
DA:113,4
DA:116,2
DA:119,3
DA:121,3
DA:134,1
DA:135,1
DA:138,3
DA:139,1
DA:143,2
DA:147,1
DA:148,2
DA:154,1
DA:155,1
DA:156,2
DA:159,2
DA:163,1
DA:165,1
DA:166,0
DA:168,1
DA:175,1
DA:177,1
DA:179,2
DA:190,1
DA:192,1
DA:193,2
DA:199,1
DA:212,1
DA:214,1
DA:217,2
DA:223,1
DA:224,1
DA:225,1
DA:227,3
DA:228,1
DA:231,2
DA:236,1
DA:242,1
DA:243,1
DA:245,6
DA:249,4
LF:52
LH:51
end_of_record
SF:lib/kfx_dependency_injection/io_get_current_platform_info.dart
DA:7,1
DA:8,1
DA:12,1
DA:16,1
DA:20,1
DA:24,0
LF:6
LH:5
end_of_record
SF:lib/kfx_dependency_injection/platform_info.dart
DA:10,1
DA:23,1
DA:24,1
DA:27,0
DA:28,0
DA:31,0
DA:32,0
DA:35,0
LF:8
LH:3
end_of_record
